#-----------------------------------------------------------
# Vivado v2018.3 (64-bit)
# SW Build 2405991 on Thu Dec  6 23:38:27 MST 2018
# IP Build 2404404 on Fri Dec  7 01:43:56 MST 2018
# Start of session at: Thu Apr  9 15:05:13 2020
# Process ID: 242944
# Current directory: C:/AI/AIFPGA/sv
# Command line: vivado.exe -gui_launcher_event rodinguilauncherevent237044 C:\AI\AIFPGA\sv\sv.xpr
# Log file: C:/AI/AIFPGA/sv/vivado.log
# Journal file: C:/AI/AIFPGA/sv\vivado.jou
#-----------------------------------------------------------
start_gui
open_project C:/AI/AIFPGA/sv/sv.xpr
Scanning sources...
Finished scanning sources
INFO: [IP_Flow 19-234] Refreshing IP repositories
INFO: [IP_Flow 19-1700] Loaded user IP repository 'c:/AI/AIFPGA/ip_repo/myip_1.0'.
INFO: [IP_Flow 19-2313] Loaded Vivado IP repository 'D:/Xilinx/Vivado/2018.3/data/ip'.
open_project: Time (s): cpu = 00:00:36 ; elapsed = 00:00:26 . Memory (MB): peak = 1048.660 ; gain = 425.715
exit
INFO: [Common 17-206] Exiting Vivado at Thu Apr  9 15:06:35 2020...
